2018-10-05 06:07:14,533 INFO database.SQLProvider [main] Attempting to connect to the database...
2018-10-05 06:07:14,629 ERROR database.SQLProvider [main] Failed to load JDBC Driver
2018-10-05 06:15:26,161 INFO database.SQLProvider [main] Attempting to connect to the database...
2018-10-05 06:15:26,183 ERROR database.SQLProvider [main] Failed to load JDBC Driver
2018-10-05 06:16:14,951 INFO database.SQLProvider [main] Attempting to connect to the database...
2018-10-05 06:16:14,978 ERROR database.SQLProvider [main] Failed to load JDBC Driver
2018-10-05 06:19:59,184 INFO database.SQLProvider [main] Attempting to connect to the database...
2018-10-05 06:19:59,206 ERROR database.SQLProvider [main] Failed to load JDBC Driver
2018-10-05 06:20:46,363 INFO database.SQLProvider [main] Attempting to connect to the database...
2018-10-05 06:20:47,184 INFO database.SQLProvider [main] Connected to database
2018-10-05 06:20:47,185 INFO database.UserProvider [main] Executing SELECT * FROM users
2018-10-05 06:20:47,192 DEBUG database.UserProvider [main] Retrieved 2users.
2018-10-05 06:24:39,205 INFO database.SQLProvider [main] Attempting to connect to the database...
2018-10-05 06:24:39,729 INFO database.SQLProvider [main] Connected to database
2018-10-05 06:24:39,730 INFO database.UserProvider [main] Executing SELECT * FROM users
2018-10-05 06:24:39,737 DEBUG database.UserProvider [main] Retrieved 2users.
2018-10-05 06:25:47,054 INFO database.SQLProvider [main] Attempting to connect to the database...
2018-10-05 06:25:47,603 INFO database.SQLProvider [main] Connected to database
2018-10-05 06:25:47,604 INFO database.UserProvider [main] Executing SELECT * FROM users
2018-10-05 06:25:47,611 DEBUG database.UserProvider [main] Retrieved 2 users.
